<?xml version="1.0" encoding="UTF-8"?>
<testsuite name="techcr.utility.entityvalidator.process.CollectionTypeListValidatorTest" tests="2" skipped="0" failures="0" errors="0" timestamp="2021-02-02T13:09:26" hostname="NWLMAC0141" time="0.017">
  <properties/>
  <testcase name="listWithInternalValidation" classname="techcr.utility.entityvalidator.process.CollectionTypeListValidatorTest" time="0.014"/>
  <testcase name="listWithoutInternalValidation" classname="techcr.utility.entityvalidator.process.CollectionTypeListValidatorTest" time="0.003"/>
  <system-out><![CDATA[]]></system-out>
  <system-err><![CDATA[]]></system-err>
</testsuite>
