<?xml version="1.0" encoding="UTF-8"?>
<testsuite name="techcr.utility.entityvalidator.process.FieldMandatoryValidatorTest" tests="2" skipped="0" failures="0" errors="0" timestamp="2021-02-02T13:09:26" hostname="NWLMAC0141" time="0.001">
  <properties/>
  <testcase name="validateForNullWithErrorDescription" classname="techcr.utility.entityvalidator.process.FieldMandatoryValidatorTest" time="0.001"/>
  <testcase name="validateForNullWithFieldDescription" classname="techcr.utility.entityvalidator.process.FieldMandatoryValidatorTest" time="0.0"/>
  <system-out><![CDATA[]]></system-out>
  <system-err><![CDATA[]]></system-err>
</testsuite>
