<?xml version="1.0" encoding="UTF-8"?>
<testsuite name="techcr.utility.entityvalidator.process.LengthBetweenValidatorTest" tests="2" skipped="0" failures="0" errors="0" timestamp="2021-02-02T13:09:25" hostname="NWLMAC0141" time="0.005">
  <properties/>
  <testcase name="validateStringLengthBetween" classname="techcr.utility.entityvalidator.process.LengthBetweenValidatorTest" time="0.004"/>
  <testcase name="LongLengthBetween" classname="techcr.utility.entityvalidator.process.LengthBetweenValidatorTest" time="0.001"/>
  <system-out><![CDATA[]]></system-out>
  <system-err><![CDATA[]]></system-err>
</testsuite>
