<?xml version="1.0" encoding="UTF-8"?>
<testsuite name="techcr.utility.entityvalidator.process.ConditionValidatorTest" tests="4" skipped="0" failures="0" errors="0" timestamp="2021-02-02T13:09:26" hostname="NWLMAC0141" time="0.018">
  <properties/>
  <testcase name="classLevelConditionValidationTest" classname="techcr.utility.entityvalidator.process.ConditionValidatorTest" time="0.002"/>
  <testcase name="fieldLevelValueEqualConditionValidation" classname="techcr.utility.entityvalidator.process.ConditionValidatorTest" time="0.008"/>
  <testcase name="fieldLevelConditionValidation" classname="techcr.utility.entityvalidator.process.ConditionValidatorTest" time="0.003"/>
  <testcase name="enumLevelConditionValidation" classname="techcr.utility.entityvalidator.process.ConditionValidatorTest" time="0.005"/>
  <system-out><![CDATA[]]></system-out>
  <system-err><![CDATA[]]></system-err>
</testsuite>
