<?xml version="1.0" encoding="UTF-8"?>
<testsuite name="techcr.utility.entityvalidator.process.LengthValidatorTest" tests="7" skipped="0" failures="0" errors="0" timestamp="2021-02-02T13:09:26" hostname="NWLMAC0141" time="0.004">
  <properties/>
  <testcase name="validateLessThanOrEqualCriteriaType" classname="techcr.utility.entityvalidator.process.LengthValidatorTest" time="0.001"/>
  <testcase name="validateGreaterThanCriteriaType" classname="techcr.utility.entityvalidator.process.LengthValidatorTest" time="0.0"/>
  <testcase name="validateDoubleWrapLength" classname="techcr.utility.entityvalidator.process.LengthValidatorTest" time="0.0"/>
  <testcase name="validateLessThanCriteriaType" classname="techcr.utility.entityvalidator.process.LengthValidatorTest" time="0.0"/>
  <testcase name="validateLongLength" classname="techcr.utility.entityvalidator.process.LengthValidatorTest" time="0.0"/>
  <testcase name="validateStringLength" classname="techcr.utility.entityvalidator.process.LengthValidatorTest" time="0.001"/>
  <testcase name="validateGreaterThanOrEqualCriteriaType" classname="techcr.utility.entityvalidator.process.LengthValidatorTest" time="0.0"/>
  <system-out><![CDATA[]]></system-out>
  <system-err><![CDATA[]]></system-err>
</testsuite>
