<?xml version="1.0" encoding="UTF-8"?>
<testsuite name="techcr.utility.entityvalidator.process.CustomCollectionTypeValidatorTest" tests="2" skipped="0" failures="0" errors="0" timestamp="2021-02-02T13:09:26" hostname="NWLMAC0141" time="0.013">
  <properties/>
  <testcase name="listWithInternalValidation" classname="techcr.utility.entityvalidator.process.CustomCollectionTypeValidatorTest" time="0.011"/>
  <testcase name="customCollectionWithoutInternalValidation" classname="techcr.utility.entityvalidator.process.CustomCollectionTypeValidatorTest" time="0.002"/>
  <system-out><![CDATA[]]></system-out>
  <system-err><![CDATA[]]></system-err>
</testsuite>
