<?xml version="1.0" encoding="UTF-8"?>
<testsuite name="techcr.utility.entityvalidator.type.LengthCriteriaTypeTest" tests="1" skipped="0" failures="0" errors="0" timestamp="2021-02-02T13:09:25" hostname="NWLMAC0141" time="0.003">
  <properties/>
  <testcase name="isValid" classname="techcr.utility.entityvalidator.type.LengthCriteriaTypeTest" time="0.003"/>
  <system-out><![CDATA[]]></system-out>
  <system-err><![CDATA[]]></system-err>
</testsuite>
