<?xml version="1.0" encoding="UTF-8"?>
<testsuite name="techcr.utility.entityvalidator.process.EnumTypeValidatorTest" tests="4" skipped="0" failures="0" errors="0" timestamp="2021-02-02T13:09:26" hostname="NWLMAC0141" time="0.008">
  <properties/>
  <testcase name="validateEqualTo" classname="techcr.utility.entityvalidator.process.EnumTypeValidatorTest" time="0.007"/>
  <testcase name="validateToEnumAny" classname="techcr.utility.entityvalidator.process.EnumTypeValidatorTest" time="0.0"/>
  <testcase name="validateNotEqualTo" classname="techcr.utility.entityvalidator.process.EnumTypeValidatorTest" time="0.0"/>
  <testcase name="validateInvalidIndex" classname="techcr.utility.entityvalidator.process.EnumTypeValidatorTest" time="0.0"/>
  <system-out><![CDATA[testEnumEqualTo : Invalid Enum value:SUCCESS
testEnumAnyNotEqualTo : Invalid Enum value:UNKNOWN
]]></system-out>
  <system-err><![CDATA[]]></system-err>
</testsuite>
