<?xml version="1.0" encoding="UTF-8"?>
<testsuite name="techcr.utility.entityvalidator.process.CollectionTypeSetValidatorTest" tests="2" skipped="0" failures="0" errors="0" timestamp="2021-02-02T13:09:26" hostname="NWLMAC0141" time="0.011">
  <properties/>
  <testcase name="listWithInternalValidation" classname="techcr.utility.entityvalidator.process.CollectionTypeSetValidatorTest" time="0.007"/>
  <testcase name="setWithoutInternalValidation" classname="techcr.utility.entityvalidator.process.CollectionTypeSetValidatorTest" time="0.004"/>
  <system-out><![CDATA[]]></system-out>
  <system-err><![CDATA[]]></system-err>
</testsuite>
