<?xml version="1.0" encoding="UTF-8"?>
<testsuite name="techcr.utility.entityvalidator.process.NumberFormatValidatorTest" tests="1" skipped="0" failures="0" errors="0" timestamp="2021-02-02T13:09:25" hostname="NWLMAC0141" time="0.027">
  <properties/>
  <testcase name="doubleNumberFormatValidation" classname="techcr.utility.entityvalidator.process.NumberFormatValidatorTest" time="0.027"/>
  <system-out><![CDATA[]]></system-out>
  <system-err><![CDATA[]]></system-err>
</testsuite>
