<?xml version="1.0" encoding="UTF-8"?>
<testsuite name="techcr.utility.entityvalidator.process.CustomFieldValidatorTest" tests="1" skipped="0" failures="0" errors="0" timestamp="2021-02-02T13:09:26" hostname="NWLMAC0141" time="0.0">
  <properties/>
  <testcase name="validate" classname="techcr.utility.entityvalidator.process.CustomFieldValidatorTest" time="0.0"/>
  <system-out><![CDATA[]]></system-out>
  <system-err><![CDATA[]]></system-err>
</testsuite>
