<?xml version="1.0" encoding="UTF-8"?>
<testsuite name="techcr.utility.entityvalidator.process.RegexValidatorTest" tests="5" skipped="0" failures="0" errors="0" timestamp="2021-02-02T13:09:26" hostname="NWLMAC0141" time="0.003">
  <properties/>
  <testcase name="StringRegexValidation" classname="techcr.utility.entityvalidator.process.RegexValidatorTest" time="0.0"/>
  <testcase name="NegativeNumberRegexValidation" classname="techcr.utility.entityvalidator.process.RegexValidatorTest" time="0.001"/>
  <testcase name="AnyStringRegexValidation" classname="techcr.utility.entityvalidator.process.RegexValidatorTest" time="0.0"/>
  <testcase name="PositiveNumberRegexValidation" classname="techcr.utility.entityvalidator.process.RegexValidatorTest" time="0.001"/>
  <testcase name="NonZeroStartRegexValidation" classname="techcr.utility.entityvalidator.process.RegexValidatorTest" time="0.001"/>
  <system-out><![CDATA[]]></system-out>
  <system-err><![CDATA[]]></system-err>
</testsuite>
